2022.08.18 23:26:18 INFO  tracing is disabled for protocol LSP, to enable tracing of incoming and outgoing JSON messages create an empty file at /mnt/d/study/learning/sbt/.metals/lsp.trace.json or /home/cogdiver/.cache/metals/lsp.trace.json[0m
2022.08.18 23:26:19 INFO  logging to file /mnt/d/study/learning/sbt/.metals/metals.log[0m
2022.08.18 23:26:19 INFO  Started: Metals version 0.11.8 in workspace '/mnt/d/study/learning/sbt' for client Visual Studio Code 1.70.2.[0m
2022.08.18 23:26:20 WARN  Flyway upgrade recommended: H2 2.1.214 is newer than this version of Flyway and support has not been tested. The latest supported version of H2 is 2.1.210.[0m
2022.08.18 23:26:21 INFO  time: initialize in 2.14s[0m
2022.08.18 23:26:24 WARN  Build server is not auto-connectable.[0m
2022.08.18 23:26:24 WARN  no build target for: /mnt/d/study/learning/sbt/build.sbt[0m
Aug 18, 2022 11:26:24 PM org.eclipse.lsp4j.jsonrpc.RemoteEndpoint handleCancellation
WARNING: Unmatched cancel notification for request id 1
2022.08.18 23:26:25 WARN  no build target for: /mnt/d/study/learning/sbt/build.sbt[0m
2022.08.18 23:26:25 INFO  skipping build import with status 'Requested'[0m
2022.08.18 23:26:28 INFO  no build target found for /mnt/d/study/learning/sbt/build.sbt. Using presentation compiler with project's scala-library version: 3.1.3[0m
2022.08.18 23:26:31 INFO  time: code lens generation in 6.64s[0m
2022.08.18 23:26:56 WARN  no build target for: /mnt/d/study/learning/sbt/build.sbt[0m
2022.08.18 23:26:59 WARN  no build target for: /mnt/d/study/learning/sbt/build.sbt[0m
2022.08.18 23:27:05 WARN  no build target for: /mnt/d/study/learning/sbt/build.sbt[0m
2022.08.18 23:27:07 WARN  no build target for: /mnt/d/study/learning/sbt/build.sbt[0m
2022.08.18 23:27:25 INFO  skipping build import with status 'Dismissed'[0m
2022.08.18 23:27:27 WARN  no build target for: /mnt/d/study/learning/sbt/build.sbt[0m
2022.08.18 23:27:27 INFO  skipping build import with status 'Dismissed'[0m
2022.08.18 23:27:42 WARN  no build target for: /mnt/d/study/learning/sbt/build.sbt[0m
2022.08.18 23:27:42 INFO  skipping build import with status 'Dismissed'[0m
2022.08.18 23:32:12 WARN  no build target for: /mnt/d/study/learning/sbt/build.sbt[0m
2022.08.18 23:32:13 WARN  no build target for: /mnt/d/study/learning/sbt/build.sbt[0m
2022.08.18 23:32:13 INFO  skipping build import with status 'Dismissed'[0m
2022.08.18 23:32:15 WARN  no build target for: /mnt/d/study/learning/sbt/build.sbt[0m
2022.08.18 23:32:15 INFO  skipping build import with status 'Dismissed'[0m
2022.08.18 23:32:18 WARN  no build target for: /mnt/d/study/learning/sbt/build.sbt[0m
2022.08.18 23:32:18 INFO  skipping build import with status 'Dismissed'[0m
2022.08.18 23:32:21 WARN  no build target for: /mnt/d/study/learning/sbt/build.sbt[0m
2022.08.18 23:36:31 WARN  no build target for: /mnt/d/study/learning/sbt/build.sbt[0m
2022.08.18 23:36:31 INFO  skipping build import with status 'Dismissed'[0m
2022.08.18 23:36:33 WARN  no build target for: /mnt/d/study/learning/sbt/build.sbt[0m
2022.08.18 23:36:33 INFO  skipping build import with status 'Dismissed'[0m
2022.08.18 23:41:08 WARN  no build target for: /mnt/d/study/learning/sbt/src/main/scala/main.scala[0m
2022.08.18 23:41:15 WARN  no build target for: /mnt/d/study/learning/sbt/src/main/scala/main.scala[0m
2022.08.18 23:41:17 WARN  no build target for: /mnt/d/study/learning/sbt/src/main/scala/main.scala[0m
2022.08.18 23:41:19 WARN  no build target for: /mnt/d/study/learning/sbt/src/main/scala/main.scala[0m
2022.08.18 23:41:22 WARN  no build target for: /mnt/d/study/learning/sbt/src/main/scala/main.scala[0m
2022.08.18 23:41:24 WARN  no build target for: /mnt/d/study/learning/sbt/src/main/scala/main.scala[0m
2022.08.18 23:41:27 WARN  no build target for: /mnt/d/study/learning/sbt/src/main/scala/main.scala[0m
2022.08.18 23:41:28 WARN  no build target for: /mnt/d/study/learning/sbt/src/main/scala/main.scala[0m
2022.08.18 23:41:30 WARN  no build target for: /mnt/d/study/learning/sbt/src/main/scala/main.scala[0m
2022.08.18 23:41:33 WARN  no build target for: /mnt/d/study/learning/sbt/src/main/scala/main.scala[0m
2022.08.18 23:41:34 WARN  no build target for: /mnt/d/study/learning/sbt/src/main/scala/main.scala[0m
2022.08.18 23:41:37 WARN  no build target for: /mnt/d/study/learning/sbt/src/main/scala/main.scala[0m
2022.08.18 23:41:38 WARN  no build target for: /mnt/d/study/learning/sbt/src/main/scala/main.scala[0m
2022.08.18 23:41:41 WARN  no build target for: /mnt/d/study/learning/sbt/src/main/scala/main.scala[0m
2022.08.18 23:41:44 WARN  no build target for: /mnt/d/study/learning/sbt/src/main/scala/main.scala[0m
2022.08.18 23:41:46 WARN  no build target for: /mnt/d/study/learning/sbt/src/main/scala/main.scala[0m
2022.08.18 23:43:42 WARN  no build target for: /mnt/d/study/learning/sbt/build.sbt[0m
2022.08.18 23:43:54 WARN  no build target for: /mnt/d/study/learning/sbt/build.sbt[0m
2022.08.18 23:43:54 INFO  skipping build import with status 'Dismissed'[0m
2022.08.18 23:44:01 WARN  no build target for: /mnt/d/study/learning/sbt/build.sbt[0m
2022.08.18 23:44:09 INFO  skipping build import with status 'Dismissed'[0m
2022.08.18 23:44:40 WARN  no build target for: /mnt/d/study/learning/sbt/build.sbt[0m
2022.08.18 23:44:41 WARN  no build target for: /mnt/d/study/learning/sbt/build.sbt[0m
2022.08.18 23:44:41 INFO  skipping build import with status 'Dismissed'[0m
2022.08.18 23:57:25 INFO  shutting down Metals[0m
2022.08.26 22:10:46 INFO  tracing is disabled for protocol LSP, to enable tracing of incoming and outgoing JSON messages create an empty file at /mnt/d/study/learning/sbt/.metals/lsp.trace.json or /home/cogdiver/.cache/metals/lsp.trace.json[0m
2022.08.26 22:10:47 INFO  logging to file /mnt/d/study/learning/sbt/.metals/metals.log[0m
2022.08.26 22:10:47 INFO  Started: Metals version 0.11.8 in workspace '/mnt/d/study/learning/sbt' for client Visual Studio Code 1.70.2.[0m
2022.08.26 22:10:48 WARN  Flyway upgrade recommended: H2 2.1.214 is newer than this version of Flyway and support has not been tested. The latest supported version of H2 is 2.1.210.[0m
2022.08.26 22:10:49 INFO  time: initialize in 2.12s[0m
2022.08.26 22:10:51 WARN  Build server is not auto-connectable.[0m
2022.08.26 22:10:51 WARN  no build target for: /mnt/d/study/learning/sbt/build.sbt[0m
2022.08.26 22:10:54 INFO  no build target found for /mnt/d/study/learning/sbt/build.sbt. Using presentation compiler with project's scala-library version: 3.1.3[0m
2022.08.26 22:10:56 INFO  time: code lens generation in 4.4s[0m
2022.08.26 22:11:22 WARN  no build target for: /mnt/d/study/learning/sbt/src/main/scala/main.scala[0m
2022.08.26 22:11:27 WARN  no build target for: /mnt/d/study/learning/sbt/build.sbt[0m
2022.08.26 22:11:38 WARN  no build target for: /mnt/d/study/learning/sbt/build.sbt[0m
2022.08.26 22:11:38 INFO  skipping build import with status 'Dismissed'[0m
2022.08.26 22:11:46 WARN  no build target for: /mnt/d/study/learning/sbt/build.sbt[0m
2022.08.26 22:11:46 INFO  skipping build import with status 'Dismissed'[0m
2022.08.26 22:11:48 WARN  no build target for: /mnt/d/study/learning/sbt/build.sbt[0m
2022.08.26 22:11:48 INFO  skipping build import with status 'Dismissed'[0m
2022.08.26 22:11:52 WARN  no build target for: /mnt/d/study/learning/sbt/build.sbt[0m
2022.08.26 22:11:52 INFO  skipping build import with status 'Dismissed'[0m
Aug 26, 2022 10:11:57 PM org.eclipse.lsp4j.jsonrpc.RemoteEndpoint handleCancellation
WARNING: Unmatched cancel notification for request id 69
2022.08.26 22:12:01 WARN  no build target for: /mnt/d/study/learning/sbt/build.sbt[0m
2022.08.26 22:12:01 INFO  skipping build import with status 'Dismissed'[0m
2022.08.26 22:12:03 WARN  no build target for: /mnt/d/study/learning/sbt/build.sbt[0m
2022.08.26 22:12:03 INFO  skipping build import with status 'Dismissed'[0m
2022.08.26 22:12:04 WARN  no build target for: /mnt/d/study/learning/sbt/build.sbt[0m
2022.08.26 22:12:05 INFO  skipping build import with status 'Dismissed'[0m
2022.08.26 22:12:08 WARN  no build target for: /mnt/d/study/learning/sbt/build.sbt[0m
2022.08.26 22:12:08 INFO  skipping build import with status 'Dismissed'[0m
2022.08.26 22:12:17 WARN  no build target for: /mnt/d/study/learning/sbt/build.sbt[0m
2022.08.26 22:12:17 INFO  skipping build import with status 'Dismissed'[0m
2022.08.26 22:12:18 WARN  no build target for: /mnt/d/study/learning/sbt/build.sbt[0m
2022.08.26 22:12:20 WARN  no build target for: /mnt/d/study/learning/sbt/build.sbt[0m
2022.08.26 22:12:20 INFO  skipping build import with status 'Dismissed'[0m
2022.08.26 22:12:25 WARN  no build target for: /mnt/d/study/learning/sbt/build.sbt[0m
2022.08.26 22:12:25 INFO  skipping build import with status 'Dismissed'[0m
2022.08.26 22:12:28 WARN  no build target for: /mnt/d/study/learning/sbt/build.sbt[0m
2022.08.26 22:12:28 INFO  skipping build import with status 'Dismissed'[0m
2022.08.26 22:12:34 WARN  no build target for: /mnt/d/study/learning/sbt/build.sbt[0m
2022.08.26 22:12:34 INFO  skipping build import with status 'Dismissed'[0m
2022.08.26 22:13:02 WARN  no build target for: /mnt/d/study/learning/sbt/build.sbt[0m
2022.08.26 22:13:02 INFO  skipping build import with status 'Dismissed'[0m
2022.08.26 22:13:04 WARN  no build target for: /mnt/d/study/learning/sbt/build.sbt[0m
2022.08.26 22:13:04 INFO  skipping build import with status 'Dismissed'[0m
2022.08.26 22:13:47 WARN  no build target for: /mnt/d/study/learning/sbt/build.sbt[0m
2022.08.26 22:13:52 WARN  no build target for: /mnt/d/study/learning/sbt/build.sbt[0m
2022.08.26 22:13:57 WARN  no build target for: /mnt/d/study/learning/sbt/build.sbt[0m
2022.08.26 22:16:17 WARN  no build target for: /mnt/d/study/learning/sbt/build.sbt[0m
2022.08.26 22:16:17 INFO  skipping build import with status 'Dismissed'[0m
2022.08.26 22:16:28 WARN  no build target for: /mnt/d/study/learning/sbt/build.sbt[0m
2022.08.26 22:16:28 INFO  skipping build import with status 'Dismissed'[0m
2022.08.26 22:16:34 WARN  no build target for: /mnt/d/study/learning/sbt/build.sbt[0m
2022.08.26 22:16:34 INFO  skipping build import with status 'Dismissed'[0m
2022.08.26 22:16:41 WARN  no build target for: /mnt/d/study/learning/sbt/build.sbt[0m
2022.08.26 22:16:41 INFO  skipping build import with status 'Dismissed'[0m
2022.08.26 22:16:45 WARN  no build target for: /mnt/d/study/learning/sbt/build.sbt[0m
2022.08.26 22:16:45 INFO  skipping build import with status 'Dismissed'[0m
2022.08.26 22:16:51 WARN  no build target for: /mnt/d/study/learning/sbt/build.sbt[0m
2022.08.26 22:16:51 INFO  skipping build import with status 'Dismissed'[0m
2022.08.26 22:16:55 WARN  no build target for: /mnt/d/study/learning/sbt/build.sbt[0m
2022.08.26 22:16:55 INFO  skipping build import with status 'Dismissed'[0m
2022.08.26 22:16:57 WARN  no build target for: /mnt/d/study/learning/sbt/build.sbt[0m
2022.08.26 22:16:57 INFO  skipping build import with status 'Dismissed'[0m
2022.08.26 22:16:58 WARN  no build target for: /mnt/d/study/learning/sbt/build.sbt[0m
2022.08.26 22:16:58 INFO  skipping build import with status 'Dismissed'[0m
2022.08.26 22:17:36 WARN  no build target for: /mnt/d/study/learning/sbt/build.sbt[0m
2022.08.26 22:17:36 INFO  skipping build import with status 'Dismissed'[0m
2022.08.26 22:17:38 WARN  no build target for: /mnt/d/study/learning/sbt/build.sbt[0m
2022.08.26 22:17:38 INFO  skipping build import with status 'Dismissed'[0m
2022.08.26 22:18:27 WARN  no build target for: /mnt/d/study/learning/sbt/build.sbt[0m
2022.08.26 22:18:29 WARN  no build target for: /mnt/d/study/learning/sbt/build.sbt[0m
2022.08.26 22:18:29 INFO  skipping build import with status 'Dismissed'[0m
2022.08.26 22:18:30 WARN  no build target for: /mnt/d/study/learning/sbt/build.sbt[0m
2022.08.26 22:18:30 INFO  skipping build import with status 'Dismissed'[0m
2022.08.26 22:18:33 WARN  no build target for: /mnt/d/study/learning/sbt/build.sbt[0m
2022.08.26 22:18:33 INFO  skipping build import with status 'Dismissed'[0m
2022.08.26 22:18:38 WARN  no build target for: /mnt/d/study/learning/sbt/build.sbt[0m
2022.08.26 22:18:38 INFO  skipping build import with status 'Dismissed'[0m
2022.08.26 22:18:40 WARN  no build target for: /mnt/d/study/learning/sbt/build.sbt[0m
2022.08.26 22:18:40 WARN  Skipping build import, no checksum.[0m
2022.08.26 22:18:44 WARN  no build target for: /mnt/d/study/learning/sbt/build.sbt[0m
2022.08.26 22:18:44 WARN  Skipping build import, no checksum.[0m
Aug 26, 2022 10:18:44 PM org.eclipse.lsp4j.jsonrpc.RemoteEndpoint handleCancellation
WARNING: Unmatched cancel notification for request id 440
2022.08.26 22:18:45 WARN  no build target for: /mnt/d/study/learning/sbt/build.sbt[0m
2022.08.26 22:18:45 INFO  skipping build import with status 'Dismissed'[0m
2022.08.26 22:18:53 WARN  no build target for: /mnt/d/study/learning/sbt/build.sbt[0m
2022.08.26 22:18:53 INFO  skipping build import with status 'Dismissed'[0m
2022.08.26 22:18:57 WARN  no build target for: /mnt/d/study/learning/sbt/build.sbt[0m
2022.08.26 22:19:40 INFO  skipping build import with status 'Dismissed'[0m
2022.08.26 22:19:42 WARN  no build target for: /mnt/d/study/learning/sbt/build.sbt[0m
2022.08.26 22:19:42 INFO  skipping build import with status 'Dismissed'[0m
2022.08.26 22:19:44 WARN  no build target for: /mnt/d/study/learning/sbt/build.sbt[0m
2022.08.26 22:19:44 INFO  skipping build import with status 'Dismissed'[0m
2022.08.26 22:19:48 WARN  no build target for: /mnt/d/study/learning/sbt/build.sbt[0m
2022.08.26 22:19:48 INFO  skipping build import with status 'Dismissed'[0m
2022.08.26 22:20:21 WARN  no build target for: /mnt/d/study/learning/sbt/build.sbt[0m
2022.08.26 22:20:21 INFO  skipping build import with status 'Dismissed'[0m
2022.08.26 22:20:24 WARN  no build target for: /mnt/d/study/learning/sbt/build.sbt[0m
2022.08.26 22:20:24 INFO  skipping build import with status 'Dismissed'[0m
2022.08.26 22:20:26 WARN  no build target for: /mnt/d/study/learning/sbt/build.sbt[0m
2022.08.26 22:20:26 INFO  skipping build import with status 'Dismissed'[0m
2022.08.26 22:20:28 WARN  no build target for: /mnt/d/study/learning/sbt/build.sbt[0m
2022.08.26 22:20:31 WARN  no build target for: /mnt/d/study/learning/sbt/build.sbt[0m
2022.08.26 22:20:31 INFO  skipping build import with status 'Dismissed'[0m
2022.08.26 22:20:34 WARN  no build target for: /mnt/d/study/learning/sbt/build.sbt[0m
2022.08.26 22:20:34 INFO  skipping build import with status 'Dismissed'[0m
2022.08.26 22:20:38 WARN  no build target for: /mnt/d/study/learning/sbt/build.sbt[0m
2022.08.26 22:20:38 INFO  skipping build import with status 'Dismissed'[0m
2022.08.26 22:20:44 WARN  no build target for: /mnt/d/study/learning/sbt/build.sbt[0m
2022.08.26 22:20:44 INFO  skipping build import with status 'Dismissed'[0m
2022.08.26 22:20:47 WARN  no build target for: /mnt/d/study/learning/sbt/build.sbt[0m
2022.08.26 22:20:47 INFO  skipping build import with status 'Dismissed'[0m
2022.08.26 22:20:49 WARN  no build target for: /mnt/d/study/learning/sbt/build.sbt[0m
2022.08.26 22:20:49 INFO  skipping build import with status 'Dismissed'[0m
2022.08.26 22:20:51 WARN  no build target for: /mnt/d/study/learning/sbt/build.sbt[0m
2022.08.26 22:20:51 INFO  skipping build import with status 'Dismissed'[0m
2022.08.26 22:20:53 WARN  no build target for: /mnt/d/study/learning/sbt/build.sbt[0m
2022.08.26 22:20:53 INFO  skipping build import with status 'Dismissed'[0m
2022.08.26 22:20:57 WARN  no build target for: /mnt/d/study/learning/sbt/build.sbt[0m
2022.08.26 22:20:57 WARN  Skipping build import, no checksum.[0m
2022.08.26 22:20:59 WARN  no build target for: /mnt/d/study/learning/sbt/build.sbt[0m
2022.08.26 22:20:59 INFO  skipping build import with status 'Dismissed'[0m
Exception in thread "pool-3-thread-1" java.lang.InterruptedException
	at scala.meta.internal.metals.FutureCancelToken.checkCanceled(FutureCancelToken.scala:29)
	at scala.meta.internal.pc.CompilerAccess.onCompilerJobQueue$$anonfun$1(CompilerAccess.scala:195)
	at scala.meta.internal.pc.CompilerJobQueue$Job.run(CompilerJobQueue.scala:152)
	at java.base/java.util.concurrent.ThreadPoolExecutor.runWorker(ThreadPoolExecutor.java:1128)
	at java.base/java.util.concurrent.ThreadPoolExecutor$Worker.run(ThreadPoolExecutor.java:628)
	at java.base/java.lang.Thread.run(Thread.java:829)
2022.08.26 22:30:13 WARN  no build target for: /mnt/d/study/learning/sbt/build.sbt[0m
2022.08.26 22:30:13 WARN  Skipping build import, no checksum.[0m
2022.08.26 22:30:17 WARN  no build target for: /mnt/d/study/learning/sbt/build.sbt[0m
2022.08.26 22:30:17 WARN  Skipping build import, no checksum.[0m
2022.08.26 22:30:20 WARN  no build target for: /mnt/d/study/learning/sbt/build.sbt[0m
2022.08.26 22:30:20 WARN  Skipping build import, no checksum.[0m
2022.08.26 22:31:08 WARN  no build target for: /mnt/d/study/learning/sbt/build.sbt[0m
2022.08.26 22:31:08 WARN  Skipping build import, no checksum.[0m
2022.08.26 22:31:09 WARN  no build target for: /mnt/d/study/learning/sbt/build.sbt[0m
2022.08.26 22:31:09 WARN  Skipping build import, no checksum.[0m
2022.08.26 22:31:12 WARN  no build target for: /mnt/d/study/learning/sbt/build.sbt[0m
2022.08.26 22:31:12 WARN  Skipping build import, no checksum.[0m
2022.08.26 22:31:15 WARN  no build target for: /mnt/d/study/learning/sbt/build.sbt[0m
2022.08.26 22:31:15 WARN  Skipping build import, no checksum.[0m
2022.08.26 22:31:19 WARN  no build target for: /mnt/d/study/learning/sbt/build.sbt[0m
2022.08.26 22:31:19 WARN  Skipping build import, no checksum.[0m
Exception in thread "pool-3-thread-2" java.lang.InterruptedException
	at scala.meta.internal.metals.FutureCancelToken.checkCanceled(FutureCancelToken.scala:29)
	at scala.meta.internal.pc.CompilerAccess.onCompilerJobQueue$$anonfun$1(CompilerAccess.scala:195)
	at scala.meta.internal.pc.CompilerJobQueue$Job.run(CompilerJobQueue.scala:152)
	at java.base/java.util.concurrent.ThreadPoolExecutor.runWorker(ThreadPoolExecutor.java:1128)
	at java.base/java.util.concurrent.ThreadPoolExecutor$Worker.run(ThreadPoolExecutor.java:628)
	at java.base/java.lang.Thread.run(Thread.java:829)
2022.08.26 22:31:51 WARN  no build target for: /mnt/d/study/learning/sbt/build.sbt[0m
2022.08.26 22:31:51 WARN  Skipping build import, no checksum.[0m
2022.08.26 22:31:56 WARN  no build target for: /mnt/d/study/learning/sbt/build.sbt[0m
2022.08.26 22:31:56 WARN  Skipping build import, no checksum.[0m
2022.08.26 22:31:58 WARN  no build target for: /mnt/d/study/learning/sbt/build.sbt[0m
2022.08.26 22:31:58 WARN  Skipping build import, no checksum.[0m
2022.08.26 22:32:03 WARN  no build target for: /mnt/d/study/learning/sbt/build.sbt[0m
2022.08.26 22:32:03 WARN  Skipping build import, no checksum.[0m
2022.08.26 22:32:04 WARN  no build target for: /mnt/d/study/learning/sbt/build.sbt[0m
2022.08.26 22:32:04 WARN  Skipping build import, no checksum.[0m
2022.08.26 22:32:07 WARN  no build target for: /mnt/d/study/learning/sbt/build.sbt[0m
2022.08.26 22:32:07 WARN  Skipping build import, no checksum.[0m
2022.08.26 22:32:13 WARN  no build target for: /mnt/d/study/learning/sbt/build.sbt[0m
2022.08.26 22:32:13 WARN  Skipping build import, no checksum.[0m
2022.08.26 22:32:16 WARN  no build target for: /mnt/d/study/learning/sbt/build.sbt[0m
2022.08.26 22:32:16 WARN  Skipping build import, no checksum.[0m
2022.08.26 22:32:20 WARN  no build target for: /mnt/d/study/learning/sbt/build.sbt[0m
2022.08.26 22:32:20 WARN  Skipping build import, no checksum.[0m
2022.08.26 22:32:30 WARN  no build target for: /mnt/d/study/learning/sbt/build.sbt[0m
2022.08.26 22:32:30 WARN  Skipping build import, no checksum.[0m
2022.08.26 22:32:32 WARN  no build target for: /mnt/d/study/learning/sbt/build.sbt[0m
2022.08.26 22:32:32 WARN  Skipping build import, no checksum.[0m
2022.08.26 22:32:36 WARN  no build target for: /mnt/d/study/learning/sbt/build.sbt[0m
2022.08.26 22:32:36 WARN  Skipping build import, no checksum.[0m
2022.08.26 22:32:40 WARN  no build target for: /mnt/d/study/learning/sbt/build.sbt[0m
2022.08.26 22:32:40 WARN  Skipping build import, no checksum.[0m
2022.08.26 22:32:42 WARN  no build target for: /mnt/d/study/learning/sbt/build.sbt[0m
2022.08.26 22:32:42 WARN  Skipping build import, no checksum.[0m
2022.08.26 22:32:45 WARN  no build target for: /mnt/d/study/learning/sbt/build.sbt[0m
2022.08.26 22:32:45 WARN  Skipping build import, no checksum.[0m
2022.08.26 22:32:48 WARN  no build target for: /mnt/d/study/learning/sbt/build.sbt[0m
2022.08.26 22:33:11 WARN  no build target for: /mnt/d/study/learning/sbt/build.sbt[0m
2022.08.26 22:33:11 INFO  skipping build import with status 'Dismissed'[0m
2022.08.26 22:33:56 WARN  no build target for: /mnt/d/study/learning/sbt/build.sbt[0m
2022.08.26 22:33:56 INFO  skipping build import with status 'Dismissed'[0m
2022.08.26 22:33:57 WARN  no build target for: /mnt/d/study/learning/sbt/build.sbt[0m
2022.08.26 22:33:57 INFO  skipping build import with status 'Dismissed'[0m
2022.08.26 22:34:19 WARN  no build target for: /mnt/d/study/learning/sbt/build.sbt[0m
2022.08.26 22:34:19 INFO  skipping build import with status 'Dismissed'[0m
2022.08.26 22:34:44 WARN  no build target for: /mnt/d/study/learning/sbt/build.sbt[0m
2022.08.26 22:34:44 INFO  skipping build import with status 'Dismissed'[0m
2022.08.26 22:34:48 WARN  no build target for: /mnt/d/study/learning/sbt/build.sbt[0m
2022.08.26 22:34:51 WARN  no build target for: /mnt/d/study/learning/sbt/build.sbt[0m
2022.08.26 22:34:51 INFO  skipping build import with status 'Dismissed'[0m
2022.08.26 22:34:55 WARN  no build target for: /mnt/d/study/learning/sbt/build.sbt[0m
2022.08.26 22:34:55 INFO  skipping build import with status 'Dismissed'[0m
2022.08.26 22:35:14 WARN  no build target for: /mnt/d/study/learning/sbt/build.sbt[0m
2022.08.26 22:35:14 INFO  skipping build import with status 'Dismissed'[0m
2022.08.26 22:35:26 WARN  no build target for: /mnt/d/study/learning/sbt/build.sbt[0m
2022.08.26 22:35:26 INFO  skipping build import with status 'Dismissed'[0m
2022.08.26 22:35:28 WARN  no build target for: /mnt/d/study/learning/sbt/build.sbt[0m
2022.08.26 22:35:28 INFO  skipping build import with status 'Dismissed'[0m
2022.08.26 22:35:32 WARN  no build target for: /mnt/d/study/learning/sbt/build.sbt[0m
2022.08.26 22:35:32 INFO  skipping build import with status 'Dismissed'[0m
2022.08.26 22:35:46 WARN  no build target for: /mnt/d/study/learning/sbt/build.sbt[0m
2022.08.26 22:35:52 INFO  skipping build import with status 'Dismissed'[0m
2022.08.26 22:35:53 WARN  no build target for: /mnt/d/study/learning/sbt/build.sbt[0m
2022.08.26 22:37:23 WARN  no build target for: /mnt/d/study/learning/sbt/build.sbt[0m
2022.08.26 22:37:23 INFO  skipping build import with status 'Dismissed'[0m
2022.08.26 22:37:28 WARN  no build target for: /mnt/d/study/learning/sbt/build.sbt[0m
2022.08.26 22:37:28 INFO  skipping build import with status 'Dismissed'[0m
2022.08.26 22:37:29 WARN  no build target for: /mnt/d/study/learning/sbt/build.sbt[0m
2022.08.26 22:37:29 INFO  skipping build import with status 'Dismissed'[0m
2022.08.26 22:43:59 WARN  no build target for: /mnt/d/study/learning/sbt/build.sbt[0m
2022.08.26 22:44:01 WARN  no build target for: /mnt/d/study/learning/sbt/build.sbt[0m
2022.08.26 22:44:01 INFO  skipping build import with status 'Dismissed'[0m
2022.08.26 22:44:04 WARN  no build target for: /mnt/d/study/learning/sbt/build.sbt[0m
2022.08.26 22:44:04 INFO  skipping build import with status 'Dismissed'[0m
2022.08.26 22:45:27 WARN  no build target for: /mnt/d/study/learning/sbt/build.sbt[0m
2022.08.26 22:45:27 INFO  skipping build import with status 'Dismissed'[0m
2022.08.26 22:49:59 WARN  no build target for: /mnt/d/study/learning/sbt/common/main.scala[0m
2022.08.26 22:50:08 WARN  no build target for: /mnt/d/study/learning/sbt/common/main.scala[0m
2022.08.26 22:50:09 WARN  no build target for: /mnt/d/study/learning/sbt/common/main.scala[0m
2022.08.26 22:50:11 WARN  no build target for: /mnt/d/study/learning/sbt/common/main.scala[0m
2022.08.26 22:50:15 WARN  no build target for: /mnt/d/study/learning/sbt/common/main.scala[0m
2022.08.26 22:50:17 WARN  no build target for: /mnt/d/study/learning/sbt/common/main.scala[0m
2022.08.26 22:50:20 WARN  no build target for: /mnt/d/study/learning/sbt/common/main.scala[0m
2022.08.26 22:50:21 WARN  no build target for: /mnt/d/study/learning/sbt/common/main.scala[0m
2022.08.26 22:50:23 WARN  no build target for: /mnt/d/study/learning/sbt/common/main.scala[0m
2022.08.26 22:50:29 WARN  no build target for: /mnt/d/study/learning/sbt/common/main.scala[0m
2022.08.26 22:50:32 WARN  no build target for: /mnt/d/study/learning/sbt/common/main.scala[0m
2022.08.26 22:50:35 WARN  no build target for: /mnt/d/study/learning/sbt/common/main.scala[0m
2022.08.26 22:50:36 WARN  no build target for: /mnt/d/study/learning/sbt/common/main.scala[0m
2022.08.26 22:50:39 WARN  no build target for: /mnt/d/study/learning/sbt/common/main.scala[0m
2022.08.26 22:50:43 WARN  no build target for: /mnt/d/study/learning/sbt/common/main.scala[0m
Aug 26, 2022 10:50:47 PM org.eclipse.lsp4j.jsonrpc.RemoteEndpoint fallbackResponseError
SEVERE: Internal error: java.lang.ArrayIndexOutOfBoundsException: Index 112 out of bounds for length 112
java.util.concurrent.CompletionException: java.lang.ArrayIndexOutOfBoundsException: Index 112 out of bounds for length 112
	at java.base/java.util.concurrent.CompletableFuture.encodeThrowable(CompletableFuture.java:331)
	at java.base/java.util.concurrent.CompletableFuture.completeThrowable(CompletableFuture.java:346)
	at java.base/java.util.concurrent.CompletableFuture$UniAccept.tryFire(CompletableFuture.java:704)
	at java.base/java.util.concurrent.CompletableFuture.postComplete(CompletableFuture.java:506)
	at java.base/java.util.concurrent.CompletableFuture.completeExceptionally(CompletableFuture.java:2088)
	at scala.meta.internal.metals.CancelTokens$.$anonfun$future$1(CancelTokens.scala:40)
	at scala.meta.internal.metals.CancelTokens$.$anonfun$future$1$adapted(CancelTokens.scala:38)
	at scala.concurrent.impl.Promise$Transformation.run(Promise.scala:484)
	at java.base/java.util.concurrent.ThreadPoolExecutor.runWorker(ThreadPoolExecutor.java:1128)
	at java.base/java.util.concurrent.ThreadPoolExecutor$Worker.run(ThreadPoolExecutor.java:628)
	at java.base/java.lang.Thread.run(Thread.java:829)
Caused by: java.lang.ArrayIndexOutOfBoundsException: Index 112 out of bounds for length 112
	at scala.meta.internal.parsing.FoldingRangeExtractor$Foldable$.isScala3BlockWithoutOptionalBraces(FoldingRangeExtractor.scala:248)
	at scala.meta.internal.parsing.FoldingRangeExtractor$Foldable$.unapply(FoldingRangeExtractor.scala:199)
	at scala.meta.internal.parsing.FoldingRangeExtractor.extractFrom(FoldingRangeExtractor.scala:36)
	at scala.meta.internal.parsing.FoldingRangeExtractor.$anonfun$extractFrom$2(FoldingRangeExtractor.scala:56)
	at scala.meta.internal.parsing.FoldingRangeExtractor.$anonfun$extractFrom$2$adapted(FoldingRangeExtractor.scala:51)
	at scala.collection.immutable.List.foreach(List.scala:333)
	at scala.meta.internal.parsing.FoldingRangeExtractor.extractFrom(FoldingRangeExtractor.scala:51)
	at scala.meta.internal.parsing.FoldingRangeExtractor.$anonfun$extractFrom$2(FoldingRangeExtractor.scala:56)
	at scala.meta.internal.parsing.FoldingRangeExtractor.$anonfun$extractFrom$2$adapted(FoldingRangeExtractor.scala:51)
	at scala.collection.immutable.List.foreach(List.scala:333)
	at scala.meta.internal.parsing.FoldingRangeExtractor.extractFrom(FoldingRangeExtractor.scala:51)
	at scala.meta.internal.parsing.FoldingRangeExtractor.extract(FoldingRangeExtractor.scala:29)
	at scala.meta.internal.parsing.FoldingRangeProvider.$anonfun$getRangedForScala$3(FoldingRangeProvider.scala:40)
	at scala.Option.map(Option.scala:242)
	at scala.meta.internal.parsing.FoldingRangeProvider.$anonfun$getRangedForScala$2(FoldingRangeProvider.scala:33)
	at scala.Option$WithFilter.flatMap(Option.scala:283)
	at scala.meta.internal.parsing.FoldingRangeProvider.getRangedForScala(FoldingRangeProvider.scala:31)
	at scala.meta.internal.metals.MetalsLanguageServer.$anonfun$foldingRange$2(MetalsLanguageServer.scala:1705)
	at scala.concurrent.impl.Promise$Transformation.run(Promise.scala:467)
	... 3 more

2022.08.26 22:50:48 WARN  no build target for: /mnt/d/study/learning/sbt/common/main.scala[0m
2022.08.26 22:50:54 WARN  no build target for: /mnt/d/study/learning/sbt/build.sbt[0m
2022.08.26 22:50:56 WARN  no build target for: /mnt/d/study/learning/sbt/build.sbt[0m
2022.08.26 22:50:56 INFO  skipping build import with status 'Dismissed'[0m
2022.08.26 22:50:58 WARN  no build target for: /mnt/d/study/learning/sbt/build.sbt[0m
2022.08.26 22:50:58 INFO  skipping build import with status 'Dismissed'[0m
Aug 26, 2022 10:51:56 PM org.eclipse.lsp4j.jsonrpc.RemoteEndpoint fallbackResponseError
SEVERE: Internal error: java.lang.ArrayIndexOutOfBoundsException: Index 112 out of bounds for length 112
java.util.concurrent.CompletionException: java.lang.ArrayIndexOutOfBoundsException: Index 112 out of bounds for length 112
	at java.base/java.util.concurrent.CompletableFuture.encodeThrowable(CompletableFuture.java:331)
	at java.base/java.util.concurrent.CompletableFuture.completeThrowable(CompletableFuture.java:346)
	at java.base/java.util.concurrent.CompletableFuture$UniAccept.tryFire(CompletableFuture.java:704)
	at java.base/java.util.concurrent.CompletableFuture.postComplete(CompletableFuture.java:506)
	at java.base/java.util.concurrent.CompletableFuture.completeExceptionally(CompletableFuture.java:2088)
	at scala.meta.internal.metals.CancelTokens$.$anonfun$future$1(CancelTokens.scala:40)
	at scala.meta.internal.metals.CancelTokens$.$anonfun$future$1$adapted(CancelTokens.scala:38)
	at scala.concurrent.impl.Promise$Transformation.run(Promise.scala:484)
	at java.base/java.util.concurrent.ThreadPoolExecutor.runWorker(ThreadPoolExecutor.java:1128)
	at java.base/java.util.concurrent.ThreadPoolExecutor$Worker.run(ThreadPoolExecutor.java:628)
	at java.base/java.lang.Thread.run(Thread.java:829)
Caused by: java.lang.ArrayIndexOutOfBoundsException: Index 112 out of bounds for length 112
	at scala.meta.internal.parsing.FoldingRangeExtractor$Foldable$.isScala3BlockWithoutOptionalBraces(FoldingRangeExtractor.scala:248)
	at scala.meta.internal.parsing.FoldingRangeExtractor$Foldable$.unapply(FoldingRangeExtractor.scala:199)
	at scala.meta.internal.parsing.FoldingRangeExtractor.extractFrom(FoldingRangeExtractor.scala:36)
	at scala.meta.internal.parsing.FoldingRangeExtractor.$anonfun$extractFrom$2(FoldingRangeExtractor.scala:56)
	at scala.meta.internal.parsing.FoldingRangeExtractor.$anonfun$extractFrom$2$adapted(FoldingRangeExtractor.scala:51)
	at scala.collection.immutable.List.foreach(List.scala:333)
	at scala.meta.internal.parsing.FoldingRangeExtractor.extractFrom(FoldingRangeExtractor.scala:51)
	at scala.meta.internal.parsing.FoldingRangeExtractor.$anonfun$extractFrom$2(FoldingRangeExtractor.scala:56)
	at scala.meta.internal.parsing.FoldingRangeExtractor.$anonfun$extractFrom$2$adapted(FoldingRangeExtractor.scala:51)
	at scala.collection.immutable.List.foreach(List.scala:333)
	at scala.meta.internal.parsing.FoldingRangeExtractor.extractFrom(FoldingRangeExtractor.scala:51)
	at scala.meta.internal.parsing.FoldingRangeExtractor.extract(FoldingRangeExtractor.scala:29)
	at scala.meta.internal.parsing.FoldingRangeProvider.$anonfun$getRangedForScala$3(FoldingRangeProvider.scala:40)
	at scala.Option.map(Option.scala:242)
	at scala.meta.internal.parsing.FoldingRangeProvider.$anonfun$getRangedForScala$2(FoldingRangeProvider.scala:33)
	at scala.Option$WithFilter.flatMap(Option.scala:283)
	at scala.meta.internal.parsing.FoldingRangeProvider.getRangedForScala(FoldingRangeProvider.scala:31)
	at scala.meta.internal.metals.MetalsLanguageServer.$anonfun$foldingRange$2(MetalsLanguageServer.scala:1705)
	at scala.concurrent.impl.Promise$Transformation.run(Promise.scala:467)
	... 3 more

2022.08.26 22:59:31 WARN  no build target for: /mnt/d/study/learning/sbt/build.sbt[0m
2022.08.26 22:59:34 WARN  no build target for: /mnt/d/study/learning/sbt/build.sbt[0m
2022.08.26 22:59:34 INFO  skipping build import with status 'Dismissed'[0m
2022.08.26 23:15:51 INFO  shutting down Metals[0m
